<?xml version="1.0" encoding="UTF-8"?>
<testsuite name="TestTaskOnGroovy" tests="1" skipped="0" failures="0" errors="0" timestamp="2023-08-08T14:59:42" hostname="LAPTOP-ALBGM9JJ" time="0.258">
  <properties/>
  <testcase name="testToValueCounter()" classname="TestTaskOnGroovy" time="0.258"/>
  <system-out><![CDATA[]]></system-out>
  <system-err><![CDATA[]]></system-err>
</testsuite>
